<?xml version="1.0" encoding="UTF-8"?>
<!-- Generated by org.testng.reporters.JUnitReportReporter -->
<testsuite hostname="DESKTOP-A60G58E" failures="0" tests="1" name="com.ficusrealtime.runner.BasicRunner" time="28.885" errors="0" timestamp="2021-12-19T02:07:18 IST" skipped="0">
  <testcase classname="com.ficusrealtime.runner.BasicRunner" name="runScenario" time="28.885"/>
  <system-out/>
</testsuite> <!-- com.ficusrealtime.runner.BasicRunner -->
